[2.289s] Invoking command in '/home/tuanhungjr/ros2_ws/src/sjtu_drone/sjtu_drone_control': PYTHONPATH=/home/tuanhungjr/ros2_ws/src/build/sjtu_drone_control/prefix_override:/usr/lib/python3/dist-packages/colcon_core/task/python/colcon_distutils_commands:/home/tuanhungjr/ros2_ws/src/install/sjtu_drone_control/lib/python3.10/site-packages:${PYTHONPATH} /usr/bin/python3 -W ignore:setup.py install is deprecated -W ignore:easy_install command is deprecated setup.py egg_info --egg-base ../../build/sjtu_drone_control build --build-base /home/tuanhungjr/ros2_ws/src/build/sjtu_drone_control/build install --record /home/tuanhungjr/ros2_ws/src/build/sjtu_drone_control/install.log --single-version-externally-managed install_data
[2.706s] running egg_info
[2.707s] creating ../../build/sjtu_drone_control/sjtu_drone_control.egg-info
[2.709s] writing ../../build/sjtu_drone_control/sjtu_drone_control.egg-info/PKG-INFO
[2.710s] writing dependency_links to ../../build/sjtu_drone_control/sjtu_drone_control.egg-info/dependency_links.txt
[2.710s] writing entry points to ../../build/sjtu_drone_control/sjtu_drone_control.egg-info/entry_points.txt
[2.711s] writing requirements to ../../build/sjtu_drone_control/sjtu_drone_control.egg-info/requires.txt
[2.711s] writing top-level names to ../../build/sjtu_drone_control/sjtu_drone_control.egg-info/top_level.txt
[2.711s] writing manifest file '../../build/sjtu_drone_control/sjtu_drone_control.egg-info/SOURCES.txt'
[2.715s] reading manifest file '../../build/sjtu_drone_control/sjtu_drone_control.egg-info/SOURCES.txt'
[2.716s] writing manifest file '../../build/sjtu_drone_control/sjtu_drone_control.egg-info/SOURCES.txt'
[2.717s] running build
[2.717s] running build_py
[2.718s] creating /home/tuanhungjr/ros2_ws/src/build/sjtu_drone_control/build
[2.719s] creating /home/tuanhungjr/ros2_ws/src/build/sjtu_drone_control/build/lib
[2.720s] creating /home/tuanhungjr/ros2_ws/src/build/sjtu_drone_control/build/lib/sjtu_drone_control
[2.720s] copying sjtu_drone_control/teleop.py -> /home/tuanhungjr/ros2_ws/src/build/sjtu_drone_control/build/lib/sjtu_drone_control
[2.721s] copying sjtu_drone_control/open_loop_control.py -> /home/tuanhungjr/ros2_ws/src/build/sjtu_drone_control/build/lib/sjtu_drone_control
[2.721s] copying sjtu_drone_control/drone_position_control.py -> /home/tuanhungjr/ros2_ws/src/build/sjtu_drone_control/build/lib/sjtu_drone_control
[2.722s] copying sjtu_drone_control/teleop_joystick.py -> /home/tuanhungjr/ros2_ws/src/build/sjtu_drone_control/build/lib/sjtu_drone_control
[2.722s] copying sjtu_drone_control/__init__.py -> /home/tuanhungjr/ros2_ws/src/build/sjtu_drone_control/build/lib/sjtu_drone_control
[2.723s] running install
[2.723s] running install_lib
[2.724s] creating /home/tuanhungjr/ros2_ws/src/install/sjtu_drone_control/lib/python3.10/site-packages/sjtu_drone_control
[2.725s] copying /home/tuanhungjr/ros2_ws/src/build/sjtu_drone_control/build/lib/sjtu_drone_control/teleop.py -> /home/tuanhungjr/ros2_ws/src/install/sjtu_drone_control/lib/python3.10/site-packages/sjtu_drone_control
[2.725s] copying /home/tuanhungjr/ros2_ws/src/build/sjtu_drone_control/build/lib/sjtu_drone_control/open_loop_control.py -> /home/tuanhungjr/ros2_ws/src/install/sjtu_drone_control/lib/python3.10/site-packages/sjtu_drone_control
[2.725s] copying /home/tuanhungjr/ros2_ws/src/build/sjtu_drone_control/build/lib/sjtu_drone_control/drone_position_control.py -> /home/tuanhungjr/ros2_ws/src/install/sjtu_drone_control/lib/python3.10/site-packages/sjtu_drone_control
[2.726s] copying /home/tuanhungjr/ros2_ws/src/build/sjtu_drone_control/build/lib/sjtu_drone_control/teleop_joystick.py -> /home/tuanhungjr/ros2_ws/src/install/sjtu_drone_control/lib/python3.10/site-packages/sjtu_drone_control
[2.726s] copying /home/tuanhungjr/ros2_ws/src/build/sjtu_drone_control/build/lib/sjtu_drone_control/__init__.py -> /home/tuanhungjr/ros2_ws/src/install/sjtu_drone_control/lib/python3.10/site-packages/sjtu_drone_control
[2.727s] byte-compiling /home/tuanhungjr/ros2_ws/src/install/sjtu_drone_control/lib/python3.10/site-packages/sjtu_drone_control/teleop.py to teleop.cpython-310.pyc
[2.730s] byte-compiling /home/tuanhungjr/ros2_ws/src/install/sjtu_drone_control/lib/python3.10/site-packages/sjtu_drone_control/open_loop_control.py to open_loop_control.cpython-310.pyc
[2.732s] byte-compiling /home/tuanhungjr/ros2_ws/src/install/sjtu_drone_control/lib/python3.10/site-packages/sjtu_drone_control/drone_position_control.py to drone_position_control.cpython-310.pyc
[2.734s] byte-compiling /home/tuanhungjr/ros2_ws/src/install/sjtu_drone_control/lib/python3.10/site-packages/sjtu_drone_control/teleop_joystick.py to teleop_joystick.cpython-310.pyc
[2.734s] byte-compiling /home/tuanhungjr/ros2_ws/src/install/sjtu_drone_control/lib/python3.10/site-packages/sjtu_drone_control/__init__.py to __init__.cpython-310.pyc
[2.735s] running install_data
[2.735s] creating /home/tuanhungjr/ros2_ws/src/install/sjtu_drone_control/share/ament_index
[2.736s] creating /home/tuanhungjr/ros2_ws/src/install/sjtu_drone_control/share/ament_index/resource_index
[2.736s] creating /home/tuanhungjr/ros2_ws/src/install/sjtu_drone_control/share/ament_index/resource_index/packages
[2.738s] copying resource/sjtu_drone_control -> /home/tuanhungjr/ros2_ws/src/install/sjtu_drone_control/share/ament_index/resource_index/packages
[2.738s] copying package.xml -> /home/tuanhungjr/ros2_ws/src/install/sjtu_drone_control/share/sjtu_drone_control
[2.738s] running install_egg_info
[2.741s] Copying ../../build/sjtu_drone_control/sjtu_drone_control.egg-info to /home/tuanhungjr/ros2_ws/src/install/sjtu_drone_control/lib/python3.10/site-packages/sjtu_drone_control-0.0.0-py3.10.egg-info
[2.745s] running install_scripts
[2.784s] Installing drone_position_control script to /home/tuanhungjr/ros2_ws/src/install/sjtu_drone_control/lib/sjtu_drone_control
[2.785s] Installing open_loop_control script to /home/tuanhungjr/ros2_ws/src/install/sjtu_drone_control/lib/sjtu_drone_control
[2.786s] Installing teleop script to /home/tuanhungjr/ros2_ws/src/install/sjtu_drone_control/lib/sjtu_drone_control
[2.786s] Installing teleop_joystick script to /home/tuanhungjr/ros2_ws/src/install/sjtu_drone_control/lib/sjtu_drone_control
[2.786s] writing list of installed files to '/home/tuanhungjr/ros2_ws/src/build/sjtu_drone_control/install.log'
[2.882s] Invoked command in '/home/tuanhungjr/ros2_ws/src/sjtu_drone/sjtu_drone_control' returned '0': PYTHONPATH=/home/tuanhungjr/ros2_ws/src/build/sjtu_drone_control/prefix_override:/usr/lib/python3/dist-packages/colcon_core/task/python/colcon_distutils_commands:/home/tuanhungjr/ros2_ws/src/install/sjtu_drone_control/lib/python3.10/site-packages:${PYTHONPATH} /usr/bin/python3 -W ignore:setup.py install is deprecated -W ignore:easy_install command is deprecated setup.py egg_info --egg-base ../../build/sjtu_drone_control build --build-base /home/tuanhungjr/ros2_ws/src/build/sjtu_drone_control/build install --record /home/tuanhungjr/ros2_ws/src/build/sjtu_drone_control/install.log --single-version-externally-managed install_data
