running egg_info
creating ../build/sjtu_drone_mpc/sjtu_drone_mpc.egg-info
writing ../build/sjtu_drone_mpc/sjtu_drone_mpc.egg-info/PKG-INFO
writing dependency_links to ../build/sjtu_drone_mpc/sjtu_drone_mpc.egg-info/dependency_links.txt
writing entry points to ../build/sjtu_drone_mpc/sjtu_drone_mpc.egg-info/entry_points.txt
writing requirements to ../build/sjtu_drone_mpc/sjtu_drone_mpc.egg-info/requires.txt
writing top-level names to ../build/sjtu_drone_mpc/sjtu_drone_mpc.egg-info/top_level.txt
writing manifest file '../build/sjtu_drone_mpc/sjtu_drone_mpc.egg-info/SOURCES.txt'
reading manifest file '../build/sjtu_drone_mpc/sjtu_drone_mpc.egg-info/SOURCES.txt'
writing manifest file '../build/sjtu_drone_mpc/sjtu_drone_mpc.egg-info/SOURCES.txt'
running build
running build_py
creating /home/tuanhungjr/ros2_ws/src/build/sjtu_drone_mpc/build
creating /home/tuanhungjr/ros2_ws/src/build/sjtu_drone_mpc/build/lib
creating /home/tuanhungjr/ros2_ws/src/build/sjtu_drone_mpc/build/lib/sjtu_drone_mpc
copying sjtu_drone_mpc/drone_mpc_node.py -> /home/tuanhungjr/ros2_ws/src/build/sjtu_drone_mpc/build/lib/sjtu_drone_mpc
copying sjtu_drone_mpc/__init__.py -> /home/tuanhungjr/ros2_ws/src/build/sjtu_drone_mpc/build/lib/sjtu_drone_mpc
running install
running install_lib
creating /home/tuanhungjr/ros2_ws/src/install/sjtu_drone_mpc/lib/python3.10/site-packages/sjtu_drone_mpc
copying /home/tuanhungjr/ros2_ws/src/build/sjtu_drone_mpc/build/lib/sjtu_drone_mpc/drone_mpc_node.py -> /home/tuanhungjr/ros2_ws/src/install/sjtu_drone_mpc/lib/python3.10/site-packages/sjtu_drone_mpc
copying /home/tuanhungjr/ros2_ws/src/build/sjtu_drone_mpc/build/lib/sjtu_drone_mpc/__init__.py -> /home/tuanhungjr/ros2_ws/src/install/sjtu_drone_mpc/lib/python3.10/site-packages/sjtu_drone_mpc
byte-compiling /home/tuanhungjr/ros2_ws/src/install/sjtu_drone_mpc/lib/python3.10/site-packages/sjtu_drone_mpc/drone_mpc_node.py to drone_mpc_node.cpython-310.pyc
byte-compiling /home/tuanhungjr/ros2_ws/src/install/sjtu_drone_mpc/lib/python3.10/site-packages/sjtu_drone_mpc/__init__.py to __init__.cpython-310.pyc
running install_data
creating /home/tuanhungjr/ros2_ws/src/install/sjtu_drone_mpc/share/ament_index
creating /home/tuanhungjr/ros2_ws/src/install/sjtu_drone_mpc/share/ament_index/resource_index
creating /home/tuanhungjr/ros2_ws/src/install/sjtu_drone_mpc/share/ament_index/resource_index/packages
copying resource/sjtu_drone_mpc -> /home/tuanhungjr/ros2_ws/src/install/sjtu_drone_mpc/share/ament_index/resource_index/packages
copying package.xml -> /home/tuanhungjr/ros2_ws/src/install/sjtu_drone_mpc/share/sjtu_drone_mpc
running install_egg_info
Copying ../build/sjtu_drone_mpc/sjtu_drone_mpc.egg-info to /home/tuanhungjr/ros2_ws/src/install/sjtu_drone_mpc/lib/python3.10/site-packages/sjtu_drone_mpc-0.0.0-py3.10.egg-info
running install_scripts
writing list of installed files to '/home/tuanhungjr/ros2_ws/src/build/sjtu_drone_mpc/install.log'
