running egg_info
writing ../build/drone_astar/drone_astar.egg-info/PKG-INFO
writing dependency_links to ../build/drone_astar/drone_astar.egg-info/dependency_links.txt
writing entry points to ../build/drone_astar/drone_astar.egg-info/entry_points.txt
writing requirements to ../build/drone_astar/drone_astar.egg-info/requires.txt
writing top-level names to ../build/drone_astar/drone_astar.egg-info/top_level.txt
reading manifest file '../build/drone_astar/drone_astar.egg-info/SOURCES.txt'
writing manifest file '../build/drone_astar/drone_astar.egg-info/SOURCES.txt'
running build
running build_py
copying drone_astar/drone_astar_node.py -> /home/tuanhungjr/ros2_ws/src/build/drone_astar/build/lib/drone_astar
running install
running install_lib
copying /home/tuanhungjr/ros2_ws/src/build/drone_astar/build/lib/drone_astar/drone_astar_node.py -> /home/tuanhungjr/ros2_ws/src/install/drone_astar/lib/python3.10/site-packages/drone_astar
byte-compiling /home/tuanhungjr/ros2_ws/src/install/drone_astar/lib/python3.10/site-packages/drone_astar/drone_astar_node.py to drone_astar_node.cpython-310.pyc
running install_data
running install_egg_info
removing '/home/tuanhungjr/ros2_ws/src/install/drone_astar/lib/python3.10/site-packages/drone_astar-0.0.1-py3.10.egg-info' (and everything under it)
Copying ../build/drone_astar/drone_astar.egg-info to /home/tuanhungjr/ros2_ws/src/install/drone_astar/lib/python3.10/site-packages/drone_astar-0.0.1-py3.10.egg-info
running install_scripts
Installing drone_astar_node script to /home/tuanhungjr/ros2_ws/src/install/drone_astar/lib/drone_astar
writing list of installed files to '/home/tuanhungjr/ros2_ws/src/build/drone_astar/install.log'
