[1.841s] Invoking command in '/home/tuanhungjr/ros2_ws/src/sjtu_drone_mpc': PYTHONPATH=/home/tuanhungjr/ros2_ws/src/build/sjtu_drone_mpc/prefix_override:/usr/lib/python3/dist-packages/colcon_core/task/python/colcon_distutils_commands:/home/tuanhungjr/ros2_ws/src/install/sjtu_drone_mpc/lib/python3.10/site-packages:${PYTHONPATH} /usr/bin/python3 -W ignore:setup.py install is deprecated -W ignore:easy_install command is deprecated setup.py egg_info --egg-base ../build/sjtu_drone_mpc build --build-base /home/tuanhungjr/ros2_ws/src/build/sjtu_drone_mpc/build install --record /home/tuanhungjr/ros2_ws/src/build/sjtu_drone_mpc/install.log --single-version-externally-managed install_data
[2.155s] running egg_info
[2.156s] writing ../build/sjtu_drone_mpc/sjtu_drone_mpc.egg-info/PKG-INFO
[2.156s] writing dependency_links to ../build/sjtu_drone_mpc/sjtu_drone_mpc.egg-info/dependency_links.txt
[2.156s] writing entry points to ../build/sjtu_drone_mpc/sjtu_drone_mpc.egg-info/entry_points.txt
[2.157s] writing requirements to ../build/sjtu_drone_mpc/sjtu_drone_mpc.egg-info/requires.txt
[2.157s] writing top-level names to ../build/sjtu_drone_mpc/sjtu_drone_mpc.egg-info/top_level.txt
[2.160s] reading manifest file '../build/sjtu_drone_mpc/sjtu_drone_mpc.egg-info/SOURCES.txt'
[2.161s] writing manifest file '../build/sjtu_drone_mpc/sjtu_drone_mpc.egg-info/SOURCES.txt'
[2.161s] running build
[2.161s] running build_py
[2.162s] running install
[2.162s] running install_lib
[2.164s] running install_data
[2.164s] running install_egg_info
[2.167s] removing '/home/tuanhungjr/ros2_ws/src/install/sjtu_drone_mpc/lib/python3.10/site-packages/sjtu_drone_mpc-0.0.0-py3.10.egg-info' (and everything under it)
[2.168s] Copying ../build/sjtu_drone_mpc/sjtu_drone_mpc.egg-info to /home/tuanhungjr/ros2_ws/src/install/sjtu_drone_mpc/lib/python3.10/site-packages/sjtu_drone_mpc-0.0.0-py3.10.egg-info
[2.171s] running install_scripts
[2.207s] writing list of installed files to '/home/tuanhungjr/ros2_ws/src/build/sjtu_drone_mpc/install.log'
[2.296s] Invoked command in '/home/tuanhungjr/ros2_ws/src/sjtu_drone_mpc' returned '0': PYTHONPATH=/home/tuanhungjr/ros2_ws/src/build/sjtu_drone_mpc/prefix_override:/usr/lib/python3/dist-packages/colcon_core/task/python/colcon_distutils_commands:/home/tuanhungjr/ros2_ws/src/install/sjtu_drone_mpc/lib/python3.10/site-packages:${PYTHONPATH} /usr/bin/python3 -W ignore:setup.py install is deprecated -W ignore:easy_install command is deprecated setup.py egg_info --egg-base ../build/sjtu_drone_mpc build --build-base /home/tuanhungjr/ros2_ws/src/build/sjtu_drone_mpc/build install --record /home/tuanhungjr/ros2_ws/src/build/sjtu_drone_mpc/install.log --single-version-externally-managed install_data
