running egg_info
creating ../build/drone_astar/drone_astar.egg-info
writing ../build/drone_astar/drone_astar.egg-info/PKG-INFO
writing dependency_links to ../build/drone_astar/drone_astar.egg-info/dependency_links.txt
writing entry points to ../build/drone_astar/drone_astar.egg-info/entry_points.txt
writing requirements to ../build/drone_astar/drone_astar.egg-info/requires.txt
writing top-level names to ../build/drone_astar/drone_astar.egg-info/top_level.txt
writing manifest file '../build/drone_astar/drone_astar.egg-info/SOURCES.txt'
reading manifest file '../build/drone_astar/drone_astar.egg-info/SOURCES.txt'
writing manifest file '../build/drone_astar/drone_astar.egg-info/SOURCES.txt'
running build
running build_py
creating /home/tuanhungjr/ros2_ws/src/build/drone_astar/build
creating /home/tuanhungjr/ros2_ws/src/build/drone_astar/build/lib
creating /home/tuanhungjr/ros2_ws/src/build/drone_astar/build/lib/drone_astar
copying drone_astar/__init__.py -> /home/tuanhungjr/ros2_ws/src/build/drone_astar/build/lib/drone_astar
copying drone_astar/drone_astar_node.py -> /home/tuanhungjr/ros2_ws/src/build/drone_astar/build/lib/drone_astar
running install
running install_lib
creating /home/tuanhungjr/ros2_ws/src/install/drone_astar/lib/python3.10/site-packages/drone_astar
copying /home/tuanhungjr/ros2_ws/src/build/drone_astar/build/lib/drone_astar/__init__.py -> /home/tuanhungjr/ros2_ws/src/install/drone_astar/lib/python3.10/site-packages/drone_astar
copying /home/tuanhungjr/ros2_ws/src/build/drone_astar/build/lib/drone_astar/drone_astar_node.py -> /home/tuanhungjr/ros2_ws/src/install/drone_astar/lib/python3.10/site-packages/drone_astar
byte-compiling /home/tuanhungjr/ros2_ws/src/install/drone_astar/lib/python3.10/site-packages/drone_astar/__init__.py to __init__.cpython-310.pyc
byte-compiling /home/tuanhungjr/ros2_ws/src/install/drone_astar/lib/python3.10/site-packages/drone_astar/drone_astar_node.py to drone_astar_node.cpython-310.pyc
running install_data
creating /home/tuanhungjr/ros2_ws/src/install/drone_astar/share/ament_index
creating /home/tuanhungjr/ros2_ws/src/install/drone_astar/share/ament_index/resource_index
creating /home/tuanhungjr/ros2_ws/src/install/drone_astar/share/ament_index/resource_index/packages
copying resource/drone_astar -> /home/tuanhungjr/ros2_ws/src/install/drone_astar/share/ament_index/resource_index/packages
copying package.xml -> /home/tuanhungjr/ros2_ws/src/install/drone_astar/share/drone_astar
running install_egg_info
Copying ../build/drone_astar/drone_astar.egg-info to /home/tuanhungjr/ros2_ws/src/install/drone_astar/lib/python3.10/site-packages/drone_astar-0.0.1-py3.10.egg-info
running install_scripts
Installing drone_astar_node script to /home/tuanhungjr/ros2_ws/src/install/drone_astar/lib/drone_astar
writing list of installed files to '/home/tuanhungjr/ros2_ws/src/build/drone_astar/install.log'
